<?xml version="1.0" encoding="UTF-8"?>
<testsuite xmlns:xsi="http://www.w3.org/2001/XMLSchema-instance" xsi:noNamespaceSchemaLocation="https://maven.apache.org/surefire/maven-surefire-plugin/xsd/surefire-test-report.xsd" version="3.0.2" name="TestSuite" time="1.283" tests="3" errors="0" skipped="0" failures="0">
  <properties>
    <property name="java.specification.version" value="21"/>
    <property name="sun.cpu.isalist" value="amd64"/>
    <property name="sun.jnu.encoding" value="Cp1252"/>
    <property name="java.class.path" value="C:\Users\mudir\OneDrive\vamika\Command_Line\target\test-classes;C:\Users\mudir\OneDrive\vamika\Command_Line\target\classes;C:\Users\mudir\.m2\repository\org\seleniumhq\selenium\selenium-java\4.19.1\selenium-java-4.19.1.jar;C:\Users\mudir\.m2\repository\org\seleniumhq\selenium\selenium-api\4.19.1\selenium-api-4.19.1.jar;C:\Users\mudir\.m2\repository\org\seleniumhq\selenium\selenium-chrome-driver\4.19.1\selenium-chrome-driver-4.19.1.jar;C:\Users\mudir\.m2\repository\com\google\auto\service\auto-service-annotations\1.1.1\auto-service-annotations-1.1.1.jar;C:\Users\mudir\.m2\repository\org\seleniumhq\selenium\selenium-chromium-driver\4.19.1\selenium-chromium-driver-4.19.1.jar;C:\Users\mudir\.m2\repository\org\seleniumhq\selenium\selenium-json\4.19.1\selenium-json-4.19.1.jar;C:\Users\mudir\.m2\repository\org\seleniumhq\selenium\selenium-manager\4.19.1\selenium-manager-4.19.1.jar;C:\Users\mudir\.m2\repository\org\seleniumhq\selenium\selenium-devtools-v121\4.19.1\selenium-devtools-v121-4.19.1.jar;C:\Users\mudir\.m2\repository\org\seleniumhq\selenium\selenium-devtools-v122\4.19.1\selenium-devtools-v122-4.19.1.jar;C:\Users\mudir\.m2\repository\org\seleniumhq\selenium\selenium-devtools-v123\4.19.1\selenium-devtools-v123-4.19.1.jar;C:\Users\mudir\.m2\repository\org\seleniumhq\selenium\selenium-devtools-v85\4.19.1\selenium-devtools-v85-4.19.1.jar;C:\Users\mudir\.m2\repository\org\seleniumhq\selenium\selenium-edge-driver\4.19.1\selenium-edge-driver-4.19.1.jar;C:\Users\mudir\.m2\repository\org\seleniumhq\selenium\selenium-firefox-driver\4.19.1\selenium-firefox-driver-4.19.1.jar;C:\Users\mudir\.m2\repository\org\seleniumhq\selenium\selenium-http\4.19.1\selenium-http-4.19.1.jar;C:\Users\mudir\.m2\repository\dev\failsafe\failsafe\3.3.2\failsafe-3.3.2.jar;C:\Users\mudir\.m2\repository\org\seleniumhq\selenium\selenium-ie-driver\4.19.1\selenium-ie-driver-4.19.1.jar;C:\Users\mudir\.m2\repository\org\seleniumhq\selenium\selenium-remote-driver\4.19.1\selenium-remote-driver-4.19.1.jar;C:\Users\mudir\.m2\repository\com\google\guava\guava\33.1.0-jre\guava-33.1.0-jre.jar;C:\Users\mudir\.m2\repository\com\google\guava\failureaccess\1.0.2\failureaccess-1.0.2.jar;C:\Users\mudir\.m2\repository\com\google\guava\listenablefuture\9999.0-empty-to-avoid-conflict-with-guava\listenablefuture-9999.0-empty-to-avoid-conflict-with-guava.jar;C:\Users\mudir\.m2\repository\com\google\code\findbugs\jsr305\3.0.2\jsr305-3.0.2.jar;C:\Users\mudir\.m2\repository\org\checkerframework\checker-qual\3.42.0\checker-qual-3.42.0.jar;C:\Users\mudir\.m2\repository\com\google\errorprone\error_prone_annotations\2.26.1\error_prone_annotations-2.26.1.jar;C:\Users\mudir\.m2\repository\com\google\j2objc\j2objc-annotations\3.0.0\j2objc-annotations-3.0.0.jar;C:\Users\mudir\.m2\repository\io\opentelemetry\semconv\opentelemetry-semconv\1.23.1-alpha\opentelemetry-semconv-1.23.1-alpha.jar;C:\Users\mudir\.m2\repository\io\opentelemetry\opentelemetry-api\1.36.0\opentelemetry-api-1.36.0.jar;C:\Users\mudir\.m2\repository\io\opentelemetry\opentelemetry-context\1.36.0\opentelemetry-context-1.36.0.jar;C:\Users\mudir\.m2\repository\io\opentelemetry\opentelemetry-exporter-logging\1.36.0\opentelemetry-exporter-logging-1.36.0.jar;C:\Users\mudir\.m2\repository\io\opentelemetry\opentelemetry-sdk-common\1.36.0\opentelemetry-sdk-common-1.36.0.jar;C:\Users\mudir\.m2\repository\io\opentelemetry\opentelemetry-sdk-extension-autoconfigure-spi\1.36.0\opentelemetry-sdk-extension-autoconfigure-spi-1.36.0.jar;C:\Users\mudir\.m2\repository\io\opentelemetry\opentelemetry-sdk-extension-autoconfigure\1.36.0\opentelemetry-sdk-extension-autoconfigure-1.36.0.jar;C:\Users\mudir\.m2\repository\io\opentelemetry\opentelemetry-api-events\1.36.0-alpha\opentelemetry-api-events-1.36.0-alpha.jar;C:\Users\mudir\.m2\repository\io\opentelemetry\opentelemetry-sdk-trace\1.36.0\opentelemetry-sdk-trace-1.36.0.jar;C:\Users\mudir\.m2\repository\io\opentelemetry\opentelemetry-extension-incubator\1.36.0-alpha\opentelemetry-extension-incubator-1.36.0-alpha.jar;C:\Users\mudir\.m2\repository\io\opentelemetry\opentelemetry-sdk\1.36.0\opentelemetry-sdk-1.36.0.jar;C:\Users\mudir\.m2\repository\io\opentelemetry\opentelemetry-sdk-metrics\1.36.0\opentelemetry-sdk-metrics-1.36.0.jar;C:\Users\mudir\.m2\repository\io\opentelemetry\opentelemetry-sdk-logs\1.36.0\opentelemetry-sdk-logs-1.36.0.jar;C:\Users\mudir\.m2\repository\net\bytebuddy\byte-buddy\1.14.12\byte-buddy-1.14.12.jar;C:\Users\mudir\.m2\repository\org\seleniumhq\selenium\selenium-os\4.19.1\selenium-os-4.19.1.jar;C:\Users\mudir\.m2\repository\org\apache\commons\commons-exec\1.3\commons-exec-1.3.jar;C:\Users\mudir\.m2\repository\org\seleniumhq\selenium\selenium-safari-driver\4.19.1\selenium-safari-driver-4.19.1.jar;C:\Users\mudir\.m2\repository\org\seleniumhq\selenium\selenium-support\4.19.1\selenium-support-4.19.1.jar;C:\Users\mudir\.m2\repository\org\testng\testng\7.7.1\testng-7.7.1.jar;C:\Users\mudir\.m2\repository\org\slf4j\slf4j-api\1.7.36\slf4j-api-1.7.36.jar;C:\Users\mudir\.m2\repository\com\beust\jcommander\1.82\jcommander-1.82.jar;C:\Users\mudir\.m2\repository\org\webjars\jquery\3.6.1\jquery-3.6.1.jar;"/>
    <property name="java.vm.vendor" value="Oracle Corporation"/>
    <property name="sun.arch.data.model" value="64"/>
    <property name="user.variant" value=""/>
    <property name="java.vendor.url" value="https://java.oracle.com/"/>
    <property name="user.timezone" value="Asia/Calcutta"/>
    <property name="os.name" value="Windows 11"/>
    <property name="java.vm.specification.version" value="21"/>
    <property name="sun.java.launcher" value="SUN_STANDARD"/>
    <property name="user.country" value="IN"/>
    <property name="sun.boot.library.path" value="C:\Program Files\Java\jdk-21\bin"/>
    <property name="sun.java.command" value="C:\Users\mudir\AppData\Local\Temp\surefire1541951888645543701\surefirebooter-20240803141559228_3.jar C:\Users\mudir\AppData\Local\Temp\surefire1541951888645543701 2024-08-03T14-15-58_872-jvmRun1 surefire-20240803141559228_1tmp surefire_0-20240803141559228_2tmp"/>
    <property name="jdk.debug" value="release"/>
    <property name="surefire.test.class.path" value="C:\Users\mudir\OneDrive\vamika\Command_Line\target\test-classes;C:\Users\mudir\OneDrive\vamika\Command_Line\target\classes;C:\Users\mudir\.m2\repository\org\seleniumhq\selenium\selenium-java\4.19.1\selenium-java-4.19.1.jar;C:\Users\mudir\.m2\repository\org\seleniumhq\selenium\selenium-api\4.19.1\selenium-api-4.19.1.jar;C:\Users\mudir\.m2\repository\org\seleniumhq\selenium\selenium-chrome-driver\4.19.1\selenium-chrome-driver-4.19.1.jar;C:\Users\mudir\.m2\repository\com\google\auto\service\auto-service-annotations\1.1.1\auto-service-annotations-1.1.1.jar;C:\Users\mudir\.m2\repository\org\seleniumhq\selenium\selenium-chromium-driver\4.19.1\selenium-chromium-driver-4.19.1.jar;C:\Users\mudir\.m2\repository\org\seleniumhq\selenium\selenium-json\4.19.1\selenium-json-4.19.1.jar;C:\Users\mudir\.m2\repository\org\seleniumhq\selenium\selenium-manager\4.19.1\selenium-manager-4.19.1.jar;C:\Users\mudir\.m2\repository\org\seleniumhq\selenium\selenium-devtools-v121\4.19.1\selenium-devtools-v121-4.19.1.jar;C:\Users\mudir\.m2\repository\org\seleniumhq\selenium\selenium-devtools-v122\4.19.1\selenium-devtools-v122-4.19.1.jar;C:\Users\mudir\.m2\repository\org\seleniumhq\selenium\selenium-devtools-v123\4.19.1\selenium-devtools-v123-4.19.1.jar;C:\Users\mudir\.m2\repository\org\seleniumhq\selenium\selenium-devtools-v85\4.19.1\selenium-devtools-v85-4.19.1.jar;C:\Users\mudir\.m2\repository\org\seleniumhq\selenium\selenium-edge-driver\4.19.1\selenium-edge-driver-4.19.1.jar;C:\Users\mudir\.m2\repository\org\seleniumhq\selenium\selenium-firefox-driver\4.19.1\selenium-firefox-driver-4.19.1.jar;C:\Users\mudir\.m2\repository\org\seleniumhq\selenium\selenium-http\4.19.1\selenium-http-4.19.1.jar;C:\Users\mudir\.m2\repository\dev\failsafe\failsafe\3.3.2\failsafe-3.3.2.jar;C:\Users\mudir\.m2\repository\org\seleniumhq\selenium\selenium-ie-driver\4.19.1\selenium-ie-driver-4.19.1.jar;C:\Users\mudir\.m2\repository\org\seleniumhq\selenium\selenium-remote-driver\4.19.1\selenium-remote-driver-4.19.1.jar;C:\Users\mudir\.m2\repository\com\google\guava\guava\33.1.0-jre\guava-33.1.0-jre.jar;C:\Users\mudir\.m2\repository\com\google\guava\failureaccess\1.0.2\failureaccess-1.0.2.jar;C:\Users\mudir\.m2\repository\com\google\guava\listenablefuture\9999.0-empty-to-avoid-conflict-with-guava\listenablefuture-9999.0-empty-to-avoid-conflict-with-guava.jar;C:\Users\mudir\.m2\repository\com\google\code\findbugs\jsr305\3.0.2\jsr305-3.0.2.jar;C:\Users\mudir\.m2\repository\org\checkerframework\checker-qual\3.42.0\checker-qual-3.42.0.jar;C:\Users\mudir\.m2\repository\com\google\errorprone\error_prone_annotations\2.26.1\error_prone_annotations-2.26.1.jar;C:\Users\mudir\.m2\repository\com\google\j2objc\j2objc-annotations\3.0.0\j2objc-annotations-3.0.0.jar;C:\Users\mudir\.m2\repository\io\opentelemetry\semconv\opentelemetry-semconv\1.23.1-alpha\opentelemetry-semconv-1.23.1-alpha.jar;C:\Users\mudir\.m2\repository\io\opentelemetry\opentelemetry-api\1.36.0\opentelemetry-api-1.36.0.jar;C:\Users\mudir\.m2\repository\io\opentelemetry\opentelemetry-context\1.36.0\opentelemetry-context-1.36.0.jar;C:\Users\mudir\.m2\repository\io\opentelemetry\opentelemetry-exporter-logging\1.36.0\opentelemetry-exporter-logging-1.36.0.jar;C:\Users\mudir\.m2\repository\io\opentelemetry\opentelemetry-sdk-common\1.36.0\opentelemetry-sdk-common-1.36.0.jar;C:\Users\mudir\.m2\repository\io\opentelemetry\opentelemetry-sdk-extension-autoconfigure-spi\1.36.0\opentelemetry-sdk-extension-autoconfigure-spi-1.36.0.jar;C:\Users\mudir\.m2\repository\io\opentelemetry\opentelemetry-sdk-extension-autoconfigure\1.36.0\opentelemetry-sdk-extension-autoconfigure-1.36.0.jar;C:\Users\mudir\.m2\repository\io\opentelemetry\opentelemetry-api-events\1.36.0-alpha\opentelemetry-api-events-1.36.0-alpha.jar;C:\Users\mudir\.m2\repository\io\opentelemetry\opentelemetry-sdk-trace\1.36.0\opentelemetry-sdk-trace-1.36.0.jar;C:\Users\mudir\.m2\repository\io\opentelemetry\opentelemetry-extension-incubator\1.36.0-alpha\opentelemetry-extension-incubator-1.36.0-alpha.jar;C:\Users\mudir\.m2\repository\io\opentelemetry\opentelemetry-sdk\1.36.0\opentelemetry-sdk-1.36.0.jar;C:\Users\mudir\.m2\repository\io\opentelemetry\opentelemetry-sdk-metrics\1.36.0\opentelemetry-sdk-metrics-1.36.0.jar;C:\Users\mudir\.m2\repository\io\opentelemetry\opentelemetry-sdk-logs\1.36.0\opentelemetry-sdk-logs-1.36.0.jar;C:\Users\mudir\.m2\repository\net\bytebuddy\byte-buddy\1.14.12\byte-buddy-1.14.12.jar;C:\Users\mudir\.m2\repository\org\seleniumhq\selenium\selenium-os\4.19.1\selenium-os-4.19.1.jar;C:\Users\mudir\.m2\repository\org\apache\commons\commons-exec\1.3\commons-exec-1.3.jar;C:\Users\mudir\.m2\repository\org\seleniumhq\selenium\selenium-safari-driver\4.19.1\selenium-safari-driver-4.19.1.jar;C:\Users\mudir\.m2\repository\org\seleniumhq\selenium\selenium-support\4.19.1\selenium-support-4.19.1.jar;C:\Users\mudir\.m2\repository\org\testng\testng\7.7.1\testng-7.7.1.jar;C:\Users\mudir\.m2\repository\org\slf4j\slf4j-api\1.7.36\slf4j-api-1.7.36.jar;C:\Users\mudir\.m2\repository\com\beust\jcommander\1.82\jcommander-1.82.jar;C:\Users\mudir\.m2\repository\org\webjars\jquery\3.6.1\jquery-3.6.1.jar;"/>
    <property name="sun.cpu.endian" value="little"/>
    <property name="user.home" value="C:\Users\mudir"/>
    <property name="user.language" value="en"/>
    <property name="java.specification.vendor" value="Oracle Corporation"/>
    <property name="java.version.date" value="2024-01-16"/>
    <property name="java.home" value="C:\Program Files\Java\jdk-21"/>
    <property name="file.separator" value="\"/>
    <property name="basedir" value="C:\Users\mudir\OneDrive\vamika\Command_Line"/>
    <property name="java.vm.compressedOopsMode" value="32-bit"/>
    <property name="line.separator" value="&#10;"/>
    <property name="java.vm.specification.vendor" value="Oracle Corporation"/>
    <property name="java.specification.name" value="Java Platform API Specification"/>
    <property name="surefire.real.class.path" value="C:\Users\mudir\AppData\Local\Temp\surefire1541951888645543701\surefirebooter-20240803141559228_3.jar"/>
    <property name="user.script" value=""/>
    <property name="sun.management.compiler" value="HotSpot 64-Bit Tiered Compilers"/>
    <property name="java.runtime.version" value="21.0.2+13-LTS-58"/>
    <property name="user.name" value="mudir"/>
    <property name="stdout.encoding" value="Cp1252"/>
    <property name="path.separator" value=";"/>
    <property name="os.version" value="10.0"/>
    <property name="java.runtime.name" value="Java(TM) SE Runtime Environment"/>
    <property name="file.encoding" value="UTF-8"/>
    <property name="java.vm.name" value="Java HotSpot(TM) 64-Bit Server VM"/>
    <property name="localRepository" value="C:\Users\mudir\.m2\repository"/>
    <property name="java.vendor.url.bug" value="https://bugreport.java.com/bugreport/"/>
    <property name="java.io.tmpdir" value="C:\Users\mudir\AppData\Local\Temp\"/>
    <property name="java.version" value="21.0.2"/>
    <property name="user.dir" value="C:\Users\mudir\OneDrive\vamika\Command_Line"/>
    <property name="os.arch" value="amd64"/>
    <property name="java.vm.specification.name" value="Java Virtual Machine Specification"/>
    <property name="sun.os.patch.level" value=""/>
    <property name="native.encoding" value="Cp1252"/>
    <property name="java.library.path" value="C:\Program Files\Java\jdk-21\bin;C:\WINDOWS\Sun\Java\bin;C:\WINDOWS\system32;C:\WINDOWS;C:\Program Files\Common Files\Oracle\Java\javapath;C:\WINDOWS\system32;C:\WINDOWS;C:\WINDOWS\System32\Wbem;C:\WINDOWS\System32\WindowsPowerShell\v1.0\;C:\WINDOWS\System32\OpenSSH\;C:\maven\apache-maven-3.9.1\bin;C:\Program Files\Java\jdk-17\bin;C:\maven1\apache-maven-3.9.1\bin;C:\Program Files\Git\cmd;C:\Program Files\nodejs\node_modules;C:\Program Files\nodejs\;C:\Users\mudir\AppData\Local\Android\Sdk\platform-tools;C:\Users\mudir\AppData\Local\Android\Sdk\cmdline-tools;C:\Program Files\Java\jdk-21\bin;C:\Program Files\MySQL\MySQL Shell 8.0\bin\;C:\Users\mudir\AppData\Local\Microsoft\WindowsApps;C:\Users\mudir\AppData\Roaming\npm;."/>
    <property name="java.vm.info" value="mixed mode, sharing"/>
    <property name="stderr.encoding" value="Cp1252"/>
    <property name="java.vendor" value="Oracle Corporation"/>
    <property name="java.vm.version" value="21.0.2+13-LTS-58"/>
    <property name="sun.io.unicode.encoding" value="UnicodeLittle"/>
    <property name="java.class.version" value="65.0"/>
  </properties>
  <testcase name="testTwo" classname="packone.TwoTest" time="0.01">
    <system-out><![CDATA[printing testTwo
]]></system-out>
    <system-err><![CDATA[SLF4J: Failed to load class "org.slf4j.impl.StaticLoggerBinder".
SLF4J: Defaulting to no-operation (NOP) logger implementation
SLF4J: See http://www.slf4j.org/codes.html#StaticLoggerBinder for further details.
]]></system-err>
  </testcase>
  <testcase name="testThree" classname="packone.ThreeTest" time="0.002">
    <system-out><![CDATA[printing testThree
]]></system-out>
  </testcase>
  <testcase name="testone" classname="packone.OneTest" time="0.002">
    <system-out><![CDATA[printing testone
]]></system-out>
  </testcase>
</testsuite>