<?xml version="1.0" encoding="UTF-8"?>
<!-- Generated by org.testng.reporters.JUnitReportReporter -->
<testsuite hostname="Murari" failures="0" tests="1" name="packone.TwoTest" time="0.008" errors="0" timestamp="2024-08-03T14:16:01 IST" skipped="0">
  <testcase classname="packone.TwoTest" name="testTwo" time="0.008"/>
  <system-out/>
</testsuite> <!-- packone.TwoTest -->
