<?xml version="1.0" encoding="UTF-8"?>
<!-- Generated by org.testng.reporters.JUnitReportReporter -->
<testsuite hostname="Murari" failures="0" tests="1" name="packone.OneTest" time="0.001" errors="0" timestamp="2024-08-03T14:16:01 IST" skipped="0">
  <testcase classname="packone.OneTest" name="testone" time="0.001"/>
  <system-out/>
</testsuite> <!-- packone.OneTest -->
